[pool-1-thread-1] INFO com.plovdev.pornviewer.server.SafeHttpHandler - Handling request. Method: HEAD
[pool-1-thread-1] INFO com.plovdev.pornviewer.server.SafeHttpHandler - Sending head request. File: /Users/mac/.PornViewer/downloads/6e3cb7b6f35600381149cd53ea94c7440f808870ccb9fb634970d5255314814f
[pool-1-thread-1] INFO com.plovdev.pornviewer.server.SafeHttpHandler - Handling request. Method: GET
[pool-1-thread-1] INFO com.plovdev.pornviewer.server.SafeHttpHandler - Process GET request. Chunk: Bytes: [0-1](2b)
[pool-1-thread-1] INFO com.plovdev.pornviewer.server.ContentUtils - Chunk requesting: start: 0, end: 1, realStart: 42, realEnd: 43, videoStart: 42, encVideoLength: 591206880, metadataSize: 33398
[pool-1-thread-1] INFO com.plovdev.pornviewer.server.ContentUtils - Sending range: client 0-1, real 42-43, videoLength=591206880, metadataSize=33398, contentLength: 2
[pool-1-thread-1] INFO com.plovdev.pornviewer.server.SafeHttpHandler - Handling request. Method: GET
[pool-1-thread-1] INFO com.plovdev.pornviewer.server.SafeHttpHandler - Process GET request. Chunk: Bytes: [0-591088614](591088615b)
[pool-1-thread-1] INFO com.plovdev.pornviewer.server.ContentUtils - Chunk requesting: start: 0, end: 591088614, realStart: 42, realEnd: 591088656, videoStart: 42, encVideoLength: 591206880, metadataSize: 33398
[pool-1-thread-1] INFO com.plovdev.pornviewer.server.ContentUtils - Sending range: client 0-591088614, real 42-591088656, videoLength=591206880, metadataSize=33398, contentLength: 591088615
[pool-1-thread-2] INFO com.plovdev.pornviewer.server.SafeHttpHandler - Handling request. Method: GET
[pool-1-thread-2] INFO com.plovdev.pornviewer.server.SafeHttpHandler - Process GET request. Chunk: Bytes: [524288-591088614](590564327b)
[pool-1-thread-2] INFO com.plovdev.pornviewer.server.ContentUtils - Chunk requesting: start: 524288, end: 591088614, realStart: 524330, realEnd: 591088656, videoStart: 42, encVideoLength: 591206880, metadataSize: 33398
[pool-1-thread-2] INFO com.plovdev.pornviewer.server.ContentUtils - Sending range: client 524288-591088614, real 524330-591088656, videoLength=591206880, metadataSize=33398, contentLength: 590564327
[pool-1-thread-1] ERROR com.plovdev.pornviewer.server.SafeHttpHandler - GET processing error:
java.io.IOException: insufficient bytes written to stream
	at jdk.httpserver/sun.net.httpserver.FixedLengthOutputStream.close(FixedLengthOutputStream.java:92)
	at jdk.httpserver/sun.net.httpserver.PlaceholderOutputStream.close(ExchangeImpl.java:477)
	at java.base/java.io.FilterOutputStream.close(FilterOutputStream.java:190)
	at com.plovdev.pornviewer.server.ContentUtils.sendFileRange(ContentUtils.java:70)
	at com.plovdev.pornviewer.server.SafeHttpHandler.executeGet(SafeHttpHandler.java:98)
	at com.plovdev.pornviewer.server.SafeHttpHandler.processRequest(SafeHttpHandler.java:57)
	at com.plovdev.pornviewer.server.SafeHttpHandler.handle(SafeHttpHandler.java:42)
[pool-1-thread-1] INFO com.plovdev.pornviewer.server.SafeHttpHandler - Handling request. Method: GET
[pool-1-thread-2] ERROR com.plovdev.pornviewer.server.SafeHttpHandler - GET processing error:
java.io.IOException: insufficient bytes written to stream
	at jdk.httpserver/sun.net.httpserver.FixedLengthOutputStream.close(FixedLengthOutputStream.java:92)
	at jdk.httpserver/sun.net.httpserver.PlaceholderOutputStream.close(ExchangeImpl.java:477)
	at java.base/java.io.FilterOutputStream.close(FilterOutputStream.java:190)
	at com.plovdev.pornviewer.server.ContentUtils.sendFileRange(ContentUtils.java:70)
	at com.plovdev.pornviewer.server.SafeHttpHandler.executeGet(SafeHttpHandler.java:98)
	at com.plovdev.pornviewer.server.SafeHttpHandler.processRequest(SafeHttpHandler.java:57)
	at com.plovdev.pornviewer.server.SafeHttpHandler.handle(SafeHttpHandler.java:42)
[pool-1-thread-1] INFO com.plovdev.pornviewer.server.SafeHttpHandler - Process GET request. Chunk: Bytes: [1179648-591088614](589908967b)
[pool-1-thread-1] INFO com.plovdev.pornviewer.server.ContentUtils - Chunk requesting: start: 1179648, end: 591088614, realStart: 1179690, realEnd: 591088656, videoStart: 42, encVideoLength: 591206880, metadataSize: 33398
[pool-1-thread-1] INFO com.plovdev.pornviewer.server.ContentUtils - Sending range: client 1179648-591088614, real 1179690-591088656, videoLength=591206880, metadataSize=33398, contentLength: 589908967
[pool-1-thread-1] ERROR com.plovdev.pornviewer.server.SafeHttpHandler - GET processing error:
java.io.IOException: insufficient bytes written to stream
	at jdk.httpserver/sun.net.httpserver.FixedLengthOutputStream.close(FixedLengthOutputStream.java:92)
	at jdk.httpserver/sun.net.httpserver.PlaceholderOutputStream.close(ExchangeImpl.java:477)
	at java.base/java.io.FilterOutputStream.close(FilterOutputStream.java:190)
	at com.plovdev.pornviewer.server.ContentUtils.sendFileRange(ContentUtils.java:70)
	at com.plovdev.pornviewer.server.SafeHttpHandler.executeGet(SafeHttpHandler.java:98)
	at com.plovdev.pornviewer.server.SafeHttpHandler.processRequest(SafeHttpHandler.java:57)
	at com.plovdev.pornviewer.server.SafeHttpHandler.handle(SafeHttpHandler.java:42)
[pool-1-thread-1] INFO com.plovdev.pornviewer.server.SafeHttpHandler - Handling request. Method: GET
[pool-1-thread-1] INFO com.plovdev.pornviewer.server.SafeHttpHandler - Process GET request. Chunk: Bytes: [131072-524287](393216b)
[pool-1-thread-1] INFO com.plovdev.pornviewer.server.ContentUtils - Chunk requesting: start: 131072, end: 524287, realStart: 131114, realEnd: 524329, videoStart: 42, encVideoLength: 591206880, metadataSize: 33398
[pool-1-thread-1] INFO com.plovdev.pornviewer.server.ContentUtils - Sending range: client 131072-524287, real 131114-524329, videoLength=591206880, metadataSize=33398, contentLength: 393216
[pool-1-thread-1] INFO com.plovdev.pornviewer.server.SafeHttpHandler - Handling request. Method: GET
[pool-1-thread-1] INFO com.plovdev.pornviewer.server.SafeHttpHandler - Process GET request. Chunk: Bytes: [654944-1179647](524704b)
[pool-1-thread-1] INFO com.plovdev.pornviewer.server.ContentUtils - Chunk requesting: start: 654944, end: 1179647, realStart: 654986, realEnd: 1179689, videoStart: 42, encVideoLength: 591206880, metadataSize: 33398
[pool-1-thread-1] INFO com.plovdev.pornviewer.server.ContentUtils - Sending range: client 654944-1179647, real 654986-1179689, videoLength=591206880, metadataSize=33398, contentLength: 524704
[pool-1-thread-1] INFO com.plovdev.pornviewer.server.SafeHttpHandler - Handling request. Method: GET
[pool-1-thread-1] INFO com.plovdev.pornviewer.server.SafeHttpHandler - Process GET request. Chunk: Bytes: [1834592-591088614](589254023b)
[pool-1-thread-1] INFO com.plovdev.pornviewer.server.ContentUtils - Chunk requesting: start: 1834592, end: 591088614, realStart: 1834634, realEnd: 591088656, videoStart: 42, encVideoLength: 591206880, metadataSize: 33398
[pool-1-thread-1] INFO com.plovdev.pornviewer.server.ContentUtils - Sending range: client 1834592-591088614, real 1834634-591088656, videoLength=591206880, metadataSize=33398, contentLength: 589254023
[pool-1-thread-1] ERROR com.plovdev.pornviewer.server.SafeHttpHandler - GET processing error:
java.io.IOException: insufficient bytes written to stream
	at jdk.httpserver/sun.net.httpserver.FixedLengthOutputStream.close(FixedLengthOutputStream.java:92)
	at jdk.httpserver/sun.net.httpserver.PlaceholderOutputStream.close(ExchangeImpl.java:477)
	at java.base/java.io.FilterOutputStream.close(FilterOutputStream.java:190)
	at com.plovdev.pornviewer.server.ContentUtils.sendFileRange(ContentUtils.java:70)
	at com.plovdev.pornviewer.server.SafeHttpHandler.executeGet(SafeHttpHandler.java:98)
	at com.plovdev.pornviewer.server.SafeHttpHandler.processRequest(SafeHttpHandler.java:57)
	at com.plovdev.pornviewer.server.SafeHttpHandler.handle(SafeHttpHandler.java:42)